1589213357609	mozrunner::runner	INFO	Running command: "/usr/bin/firefox" "-marionette" "-foreground" "-no-remote" "-profile" "/tmp/rust_mozprofileBZYfRs"
1589213358175	addons.webextension.doh-rollout@mozilla.org	WARN	Loading extension 'doh-rollout@mozilla.org': Reading manifest: Invalid extension permission: networkStatus
1589213358613	addons.webextension.screenshots@mozilla.org	WARN	Loading extension 'screenshots@mozilla.org': Reading manifest: Invalid extension permission: mozillaAddons
1589213358613	addons.webextension.screenshots@mozilla.org	WARN	Loading extension 'screenshots@mozilla.org': Reading manifest: Invalid extension permission: telemetry
1589213358613	addons.webextension.screenshots@mozilla.org	WARN	Loading extension 'screenshots@mozilla.org': Reading manifest: Invalid extension permission: resource://pdf.js/
1589213358614	addons.webextension.screenshots@mozilla.org	WARN	Loading extension 'screenshots@mozilla.org': Reading manifest: Invalid extension permission: about:reader*
1589213361001	Marionette	INFO	Listening on port 42565
1589213361027	Marionette	WARN	TLS certificate errors will be ignored for this session
JavaScript warning: https://duckduckgo.com/d2786.js, line 1: unreachable code after return statement
JavaScript warning: https://duckduckgo.com/d2786.js, line 1: unreachable code after return statement
JavaScript warning: https://duckduckgo.com/d2786.js, line 1: unreachable code after return statement
JavaScript warning: https://duckduckgo.com/d2786.js, line 1: unreachable code after return statement
JavaScript warning: https://duckduckgo.com/d2786.js, line 1: unreachable code after return statement
JavaScript warning: https://duckduckgo.com/d2786.js, line 1: unreachable code after return statement
1589213369459	Marionette	INFO	Stopped listening on port 42565
1589213377199	mozrunner::runner	INFO	Running command: "/usr/bin/firefox" "-marionette" "-foreground" "-no-remote" "-profile" "/tmp/rust_mozprofilem75BQk"
1589213377708	addons.webextension.doh-rollout@mozilla.org	WARN	Loading extension 'doh-rollout@mozilla.org': Reading manifest: Invalid extension permission: networkStatus
1589213378181	addons.webextension.screenshots@mozilla.org	WARN	Loading extension 'screenshots@mozilla.org': Reading manifest: Invalid extension permission: mozillaAddons
1589213378182	addons.webextension.screenshots@mozilla.org	WARN	Loading extension 'screenshots@mozilla.org': Reading manifest: Invalid extension permission: telemetry
1589213378182	addons.webextension.screenshots@mozilla.org	WARN	Loading extension 'screenshots@mozilla.org': Reading manifest: Invalid extension permission: resource://pdf.js/
1589213378183	addons.webextension.screenshots@mozilla.org	WARN	Loading extension 'screenshots@mozilla.org': Reading manifest: Invalid extension permission: about:reader*
1589213380475	Marionette	INFO	Listening on port 33457
1589213380511	Marionette	WARN	TLS certificate errors will be ignored for this session
JavaScript warning: https://duckduckgo.com/d2786.js, line 1: unreachable code after return statement
JavaScript warning: https://duckduckgo.com/d2786.js, line 1: unreachable code after return statement
JavaScript warning: https://duckduckgo.com/d2786.js, line 1: unreachable code after return statement
JavaScript warning: https://duckduckgo.com/d2786.js, line 1: unreachable code after return statement
JavaScript warning: https://duckduckgo.com/d2786.js, line 1: unreachable code after return statement
JavaScript warning: https://duckduckgo.com/d2786.js, line 1: unreachable code after return statement
1589213394687	Marionette	INFO	Stopped listening on port 33457
1589213575531	mozrunner::runner	INFO	Running command: "/usr/bin/firefox" "-marionette" "-foreground" "-no-remote" "-profile" "/tmp/rust_mozprofilelMh41H"
1589213575994	addons.webextension.doh-rollout@mozilla.org	WARN	Loading extension 'doh-rollout@mozilla.org': Reading manifest: Invalid extension permission: networkStatus
1589213576492	addons.webextension.screenshots@mozilla.org	WARN	Loading extension 'screenshots@mozilla.org': Reading manifest: Invalid extension permission: mozillaAddons
1589213576492	addons.webextension.screenshots@mozilla.org	WARN	Loading extension 'screenshots@mozilla.org': Reading manifest: Invalid extension permission: telemetry
1589213576493	addons.webextension.screenshots@mozilla.org	WARN	Loading extension 'screenshots@mozilla.org': Reading manifest: Invalid extension permission: resource://pdf.js/
1589213576493	addons.webextension.screenshots@mozilla.org	WARN	Loading extension 'screenshots@mozilla.org': Reading manifest: Invalid extension permission: about:reader*
1589213578829	Marionette	INFO	Listening on port 41079
1589213578850	Marionette	WARN	TLS certificate errors will be ignored for this session
JavaScript warning: https://duckduckgo.com/d2786.js, line 1: unreachable code after return statement
JavaScript warning: https://duckduckgo.com/d2786.js, line 1: unreachable code after return statement
JavaScript warning: https://duckduckgo.com/d2786.js, line 1: unreachable code after return statement
JavaScript warning: https://duckduckgo.com/d2786.js, line 1: unreachable code after return statement
JavaScript warning: https://duckduckgo.com/d2786.js, line 1: unreachable code after return statement
JavaScript warning: https://duckduckgo.com/d2786.js, line 1: unreachable code after return statement
1589213587628	Marionette	INFO	Stopped listening on port 41079
1589213594190	mozrunner::runner	INFO	Running command: "/usr/bin/firefox" "-marionette" "-foreground" "-no-remote" "-profile" "/tmp/rust_mozprofile3U2VWR"
1589213594640	addons.webextension.doh-rollout@mozilla.org	WARN	Loading extension 'doh-rollout@mozilla.org': Reading manifest: Invalid extension permission: networkStatus
1589213595060	addons.webextension.screenshots@mozilla.org	WARN	Loading extension 'screenshots@mozilla.org': Reading manifest: Invalid extension permission: mozillaAddons
1589213595060	addons.webextension.screenshots@mozilla.org	WARN	Loading extension 'screenshots@mozilla.org': Reading manifest: Invalid extension permission: telemetry
1589213595061	addons.webextension.screenshots@mozilla.org	WARN	Loading extension 'screenshots@mozilla.org': Reading manifest: Invalid extension permission: resource://pdf.js/
1589213595061	addons.webextension.screenshots@mozilla.org	WARN	Loading extension 'screenshots@mozilla.org': Reading manifest: Invalid extension permission: about:reader*
1589213597302	Marionette	INFO	Listening on port 37311
1589213597409	Marionette	WARN	TLS certificate errors will be ignored for this session
JavaScript warning: https://duckduckgo.com/d2786.js, line 1: unreachable code after return statement
JavaScript warning: https://duckduckgo.com/d2786.js, line 1: unreachable code after return statement
JavaScript warning: https://duckduckgo.com/d2786.js, line 1: unreachable code after return statement
JavaScript warning: https://duckduckgo.com/d2786.js, line 1: unreachable code after return statement
JavaScript warning: https://duckduckgo.com/d2786.js, line 1: unreachable code after return statement
JavaScript warning: https://duckduckgo.com/d2786.js, line 1: unreachable code after return statement
1589213610007	Marionette	INFO	Stopped listening on port 37311
